2022-08-31 17:44:08,929 INFO org.hibernate.validator.internal.util.Version [background-preinit] HV000001: Hibernate Validator 6.2.3.Final
2022-08-31 17:44:08,992 INFO org.springframework.boot.StartupInfoLogger [main] Starting Gestitaller2Application using Java 11.0.13 on DESKTOP-T0BDM2U with PID 12916 (C:\Users\santi\IdeaProjects\AD-AA_2ev\gestitaller2\target\classes started by santi in C:\Users\santi\IdeaProjects\AD-AA_2ev\gestitaller2)
2022-08-31 17:44:08,992 INFO org.springframework.boot.SpringApplication [main] No active profile set, falling back to 1 default profile: "default"
2022-08-31 17:44:10,832 INFO org.springframework.data.repository.config.RepositoryConfigurationDelegate [main] Multiple Spring Data modules found, entering strict repository configuration mode!
2022-08-31 17:44:10,832 INFO org.springframework.data.repository.config.RepositoryConfigurationDelegate [main] Bootstrapping Spring Data JPA repositories in DEFAULT mode.
2022-08-31 17:44:11,064 INFO org.springframework.data.repository.config.RepositoryConfigurationDelegate [main] Finished Spring Data repository scanning in 208 ms. Found 3 JPA repository interfaces.
2022-08-31 17:44:11,155 INFO org.springframework.data.repository.config.RepositoryConfigurationDelegate [main] Multiple Spring Data modules found, entering strict repository configuration mode!
2022-08-31 17:44:11,155 INFO org.springframework.data.repository.config.RepositoryConfigurationDelegate [main] Bootstrapping Spring Data Reactive MongoDB repositories in DEFAULT mode.
2022-08-31 17:44:11,165 INFO org.springframework.data.repository.config.RepositoryConfigurationExtensionSupport [main] Spring Data Reactive MongoDB - Could not safely identify store assignment for repository candidate interface com.svalero.gestitaller2.repository.BikeRepository. If you want this repository to be a Reactive MongoDB repository, consider annotating your entities with one of these annotations: org.springframework.data.mongodb.core.mapping.Document (preferred), or consider extending one of the following types with your repository: org.springframework.data.mongodb.repository.ReactiveMongoRepository.
2022-08-31 17:44:11,165 INFO org.springframework.data.repository.config.RepositoryConfigurationExtensionSupport [main] Spring Data Reactive MongoDB - Could not safely identify store assignment for repository candidate interface com.svalero.gestitaller2.repository.ClientRepository. If you want this repository to be a Reactive MongoDB repository, consider annotating your entities with one of these annotations: org.springframework.data.mongodb.core.mapping.Document (preferred), or consider extending one of the following types with your repository: org.springframework.data.mongodb.repository.ReactiveMongoRepository.
2022-08-31 17:44:11,173 INFO org.springframework.data.repository.config.RepositoryConfigurationExtensionSupport [main] Spring Data Reactive MongoDB - Could not safely identify store assignment for repository candidate interface com.svalero.gestitaller2.repository.WokrOrderRepository. If you want this repository to be a Reactive MongoDB repository, consider annotating your entities with one of these annotations: org.springframework.data.mongodb.core.mapping.Document (preferred), or consider extending one of the following types with your repository: org.springframework.data.mongodb.repository.ReactiveMongoRepository.
2022-08-31 17:44:11,173 INFO org.springframework.data.repository.config.RepositoryConfigurationDelegate [main] Finished Spring Data repository scanning in 18 ms. Found 0 Reactive MongoDB repository interfaces.
2022-08-31 17:44:13,617 INFO org.springframework.boot.web.embedded.tomcat.TomcatWebServer [main] Tomcat initialized with port(s): 8081 (http)
2022-08-31 17:44:13,647 INFO org.apache.juli.logging.DirectJDKLog [main] Initializing ProtocolHandler ["http-nio-8081"]
2022-08-31 17:44:13,647 INFO org.apache.juli.logging.DirectJDKLog [main] Starting service [Tomcat]
2022-08-31 17:44:13,647 INFO org.apache.juli.logging.DirectJDKLog [main] Starting Servlet engine: [Apache Tomcat/9.0.63]
2022-08-31 17:44:14,081 INFO org.apache.juli.logging.DirectJDKLog [main] Initializing Spring embedded WebApplicationContext
2022-08-31 17:44:14,081 INFO org.springframework.boot.web.servlet.context.ServletWebServerApplicationContext [main] Root WebApplicationContext: initialization completed in 4959 ms
2022-08-31 17:44:14,152 INFO com.zaxxer.hikari.HikariDataSource [main] HikariPool-1 - Starting...
2022-08-31 17:44:14,615 INFO com.zaxxer.hikari.HikariDataSource [main] HikariPool-1 - Start completed.
2022-08-31 17:44:14,645 INFO org.springframework.boot.autoconfigure.h2.H2ConsoleAutoConfiguration [main] H2 console available at '/h2-console'. Database available at 'jdbc:h2:file:./Users/santi/IdeaProjects/H2/gestitaller2.db'
2022-08-31 17:44:14,977 INFO org.hibernate.jpa.internal.util.LogHelper [main] HHH000204: Processing PersistenceUnitInfo [name: default]
2022-08-31 17:44:15,118 INFO org.hibernate.Version [main] HHH000412: Hibernate ORM core version 5.6.9.Final
2022-08-31 17:44:15,531 INFO org.hibernate.annotations.common.reflection.java.JavaReflectionManager [main] HCANN000001: Hibernate Commons Annotations {5.1.2.Final}
2022-08-31 17:44:15,872 INFO org.hibernate.dialect.Dialect [main] HHH000400: Using dialect: org.hibernate.dialect.H2Dialect
2022-08-31 17:44:17,710 INFO org.hibernate.engine.transaction.jta.platform.internal.JtaPlatformInitiator [main] HHH000490: Using JtaPlatform implementation: [org.hibernate.engine.transaction.jta.platform.internal.NoJtaPlatform]
2022-08-31 17:44:17,741 INFO org.springframework.orm.jpa.AbstractEntityManagerFactoryBean [main] Initialized JPA EntityManagerFactory for persistence unit 'default'
2022-08-31 17:44:19,193 WARN org.springframework.boot.autoconfigure.orm.jpa.JpaBaseConfiguration$JpaWebConfiguration [main] spring.jpa.open-in-view is enabled by default. Therefore, database queries may be performed during view rendering. Explicitly configure spring.jpa.open-in-view to disable this warning
2022-08-31 17:44:20,303 INFO com.mongodb.diagnostics.logging.SLF4JLogger [main] MongoClient with metadata {"driver": {"name": "mongo-java-driver|reactive-streams|spring-boot", "version": "4.6.0"}, "os": {"type": "Windows", "name": "Windows 10", "architecture": "amd64", "version": "10.0"}, "platform": "Java/Oracle Corporation/11.0.13+10-LTS-370"} created with settings MongoClientSettings{readPreference=primary, writeConcern=WriteConcern{w=null, wTimeout=null ms, journal=null}, retryWrites=true, retryReads=true, readConcern=ReadConcern{level=null}, credential=null, streamFactoryFactory=NettyStreamFactoryFactory{eventLoopGroup=io.netty.channel.nio.NioEventLoopGroup@2bed5828, socketChannelClass=class io.netty.channel.socket.nio.NioSocketChannel, allocator=PooledByteBufAllocator(directByDefault: true), sslContext=null}, commandListeners=[], codecRegistry=ProvidersCodecRegistry{codecProviders=[ValueCodecProvider{}, BsonValueCodecProvider{}, DBRefCodecProvider{}, DBObjectCodecProvider{}, DocumentCodecProvider{}, IterableCodecProvider{}, MapCodecProvider{}, GeoJsonCodecProvider{}, GridFSFileCodecProvider{}, Jsr310CodecProvider{}, JsonObjectCodecProvider{}, BsonCodecProvider{}, EnumCodecProvider{}, com.mongodb.Jep395RecordCodecProvider@7a13ad55]}, clusterSettings={hosts=[localhost:27017], srvServiceName=mongodb, mode=SINGLE, requiredClusterType=UNKNOWN, requiredReplicaSetName='null', serverSelector='null', clusterListeners='[]', serverSelectionTimeout='30000 ms', localThreshold='30000 ms'}, socketSettings=SocketSettings{connectTimeoutMS=10000, readTimeoutMS=0, receiveBufferSize=0, sendBufferSize=0}, heartbeatSocketSettings=SocketSettings{connectTimeoutMS=10000, readTimeoutMS=10000, receiveBufferSize=0, sendBufferSize=0}, connectionPoolSettings=ConnectionPoolSettings{maxSize=100, minSize=0, maxWaitTimeMS=120000, maxConnectionLifeTimeMS=0, maxConnectionIdleTimeMS=0, maintenanceInitialDelayMS=0, maintenanceFrequencyMS=60000, connectionPoolListeners=[], maxConnecting=2}, serverSettings=ServerSettings{heartbeatFrequencyMS=10000, minHeartbeatFrequencyMS=500, serverListeners='[]', serverMonitorListeners='[]'}, sslSettings=SslSettings{enabled=false, invalidHostNameAllowed=false, context=null}, applicationName='null', compressorList=[], uuidRepresentation=JAVA_LEGACY, serverApi=null, autoEncryptionSettings=null, contextProvider=null}
2022-08-31 17:44:20,877 INFO org.apache.juli.logging.DirectJDKLog [main] Starting ProtocolHandler ["http-nio-8081"]
2022-08-31 17:44:20,905 INFO org.springframework.boot.web.embedded.tomcat.TomcatWebServer [main] Tomcat started on port(s): 8081 (http) with context path ''
2022-08-31 17:44:20,928 INFO org.springframework.boot.StartupInfoLogger [main] Started Gestitaller2Application in 13.089 seconds (JVM running for 14.364)
2022-08-31 17:44:25,728 INFO com.mongodb.diagnostics.logging.SLF4JLogger [cluster-ClusterId{value='630f81d4606ba32ed1a95a08', description='null'}-localhost:27017] Exception in monitor thread while connecting to server localhost:27017
com.mongodb.MongoSocketOpenException: Exception opening socket
	at com.mongodb.connection.netty.NettyStream$OpenChannelFutureListener.operationComplete(NettyStream.java:520)
	at com.mongodb.connection.netty.NettyStream$OpenChannelFutureListener.operationComplete(NettyStream.java:488)
	at io.netty.util.concurrent.DefaultPromise.notifyListener0(DefaultPromise.java:578)
	at io.netty.util.concurrent.DefaultPromise.notifyListeners0(DefaultPromise.java:571)
	at io.netty.util.concurrent.DefaultPromise.notifyListenersNow(DefaultPromise.java:550)
	at io.netty.util.concurrent.DefaultPromise.notifyListeners(DefaultPromise.java:491)
	at io.netty.util.concurrent.DefaultPromise.setValue0(DefaultPromise.java:616)
	at io.netty.util.concurrent.DefaultPromise.setFailure0(DefaultPromise.java:609)
	at io.netty.util.concurrent.DefaultPromise.tryFailure(DefaultPromise.java:117)
	at io.netty.channel.nio.AbstractNioChannel$AbstractNioUnsafe.fulfillConnectPromise(AbstractNioChannel.java:321)
	at io.netty.channel.nio.AbstractNioChannel$AbstractNioUnsafe.finishConnect(AbstractNioChannel.java:337)
	at io.netty.channel.nio.NioEventLoop.processSelectedKey(NioEventLoop.java:710)
	at io.netty.channel.nio.NioEventLoop.processSelectedKeysOptimized(NioEventLoop.java:658)
	at io.netty.channel.nio.NioEventLoop.processSelectedKeys(NioEventLoop.java:584)
	at io.netty.channel.nio.NioEventLoop.run(NioEventLoop.java:496)
	at io.netty.util.concurrent.SingleThreadEventExecutor$4.run(SingleThreadEventExecutor.java:995)
	at io.netty.util.internal.ThreadExecutorMap$2.run(ThreadExecutorMap.java:74)
	at io.netty.util.concurrent.FastThreadLocalRunnable.run(FastThreadLocalRunnable.java:30)
	at java.base/java.lang.Thread.run(Thread.java:834)
Caused by: io.netty.channel.AbstractChannel$AnnotatedConnectException: Connection refused: no further information: localhost/0:0:0:0:0:0:0:1:27017
Caused by: java.net.ConnectException: Connection refused: no further information
	at java.base/sun.nio.ch.SocketChannelImpl.checkConnect(Native Method)
	at java.base/sun.nio.ch.SocketChannelImpl.finishConnect(SocketChannelImpl.java:779)
	at io.netty.channel.socket.nio.NioSocketChannel.doFinishConnect(NioSocketChannel.java:337)
	at io.netty.channel.nio.AbstractNioChannel$AbstractNioUnsafe.finishConnect(AbstractNioChannel.java:334)
	at io.netty.channel.nio.NioEventLoop.processSelectedKey(NioEventLoop.java:710)
	at io.netty.channel.nio.NioEventLoop.processSelectedKeysOptimized(NioEventLoop.java:658)
	at io.netty.channel.nio.NioEventLoop.processSelectedKeys(NioEventLoop.java:584)
	at io.netty.channel.nio.NioEventLoop.run(NioEventLoop.java:496)
	at io.netty.util.concurrent.SingleThreadEventExecutor$4.run(SingleThreadEventExecutor.java:995)
	at io.netty.util.internal.ThreadExecutorMap$2.run(ThreadExecutorMap.java:74)
	at io.netty.util.concurrent.FastThreadLocalRunnable.run(FastThreadLocalRunnable.java:30)
	at java.base/java.lang.Thread.run(Thread.java:834)
2022-08-31 17:46:40,307 INFO org.apache.juli.logging.DirectJDKLog [http-nio-8081-exec-2] Initializing Spring DispatcherServlet 'dispatcherServlet'
2022-08-31 17:46:40,308 INFO org.springframework.web.servlet.FrameworkServlet [http-nio-8081-exec-2] Initializing Servlet 'dispatcherServlet'
2022-08-31 17:46:40,314 INFO org.springframework.web.servlet.FrameworkServlet [http-nio-8081-exec-2] Completed initialization in 3 ms
2022-08-31 17:46:40,375 INFO com.svalero.gestitaller2.controller.ClientController [http-nio-8081-exec-2] Inicio getClients
2022-08-31 17:46:40,375 INFO com.svalero.gestitaller2.controller.ClientController [http-nio-8081-exec-1] Inicio getClients
2022-08-31 17:46:40,375 INFO com.svalero.gestitaller2.controller.ClientController [http-nio-8081-exec-1] Mostrado de todos los clients
2022-08-31 17:46:40,375 INFO com.svalero.gestitaller2.controller.ClientController [http-nio-8081-exec-2] Mostrado de todos los clients
2022-08-31 17:46:40,474 INFO com.svalero.gestitaller2.controller.ClientController [http-nio-8081-exec-1] Fin getClients
2022-08-31 17:46:40,474 INFO com.svalero.gestitaller2.controller.ClientController [http-nio-8081-exec-2] Fin getClients
2022-08-31 17:46:49,567 INFO com.svalero.gestitaller2.controller.ClientController [http-nio-8081-exec-4] Inicio getClients
2022-08-31 17:46:49,567 INFO com.svalero.gestitaller2.controller.ClientController [http-nio-8081-exec-3] Inicio getClients
2022-08-31 17:46:49,568 INFO com.svalero.gestitaller2.controller.ClientController [http-nio-8081-exec-4] Mostrado de todos los clients
2022-08-31 17:46:49,568 INFO com.svalero.gestitaller2.controller.ClientController [http-nio-8081-exec-3] Mostrado de todos los clients
2022-08-31 17:46:49,574 INFO com.svalero.gestitaller2.controller.ClientController [http-nio-8081-exec-3] Fin getClients
2022-08-31 17:46:49,577 INFO com.svalero.gestitaller2.controller.ClientController [http-nio-8081-exec-4] Fin getClients
2022-08-31 17:46:56,688 INFO com.svalero.gestitaller2.controller.BikeController [http-nio-8081-exec-6] Inicio getBikes
2022-08-31 17:46:56,688 INFO com.svalero.gestitaller2.controller.BikeController [http-nio-8081-exec-5] Inicio getBikes
2022-08-31 17:46:56,689 INFO com.svalero.gestitaller2.controller.BikeController [http-nio-8081-exec-6] Mostrado de todas las bikes
2022-08-31 17:46:56,689 INFO com.svalero.gestitaller2.controller.BikeController [http-nio-8081-exec-5] Mostrado de todas las bikes
2022-08-31 17:46:56,718 INFO com.svalero.gestitaller2.controller.BikeController [http-nio-8081-exec-6] Fin getBikes
2022-08-31 17:46:56,718 INFO com.svalero.gestitaller2.controller.BikeController [http-nio-8081-exec-5] Fin getBikes
2022-08-31 17:47:04,810 INFO com.svalero.gestitaller2.controller.ClientController [http-nio-8081-exec-8] Inicio getClients
2022-08-31 17:47:04,810 INFO com.svalero.gestitaller2.controller.ClientController [http-nio-8081-exec-7] Inicio getClients
2022-08-31 17:47:04,811 INFO com.svalero.gestitaller2.controller.ClientController [http-nio-8081-exec-7] Mostrado de todos los clients
2022-08-31 17:47:04,811 INFO com.svalero.gestitaller2.controller.ClientController [http-nio-8081-exec-8] Mostrado de todos los clients
2022-08-31 17:47:04,816 INFO com.svalero.gestitaller2.controller.ClientController [http-nio-8081-exec-7] Fin getClients
2022-08-31 17:47:04,816 INFO com.svalero.gestitaller2.controller.ClientController [http-nio-8081-exec-8] Fin getClients
2022-08-31 17:47:12,341 INFO com.svalero.gestitaller2.controller.ClientController [http-nio-8081-exec-9] Inicio getClients
2022-08-31 17:47:12,343 INFO com.svalero.gestitaller2.controller.ClientController [http-nio-8081-exec-9] Mostrado de todos los clients
2022-08-31 17:47:12,353 INFO com.svalero.gestitaller2.controller.ClientController [http-nio-8081-exec-9] Fin getClients
2022-08-31 17:47:20,433 INFO com.svalero.gestitaller2.controller.ClientController [http-nio-8081-exec-10] Inicio getClients
2022-08-31 17:47:20,434 INFO com.svalero.gestitaller2.controller.ClientController [http-nio-8081-exec-10] Mostrado de todos los clients
2022-08-31 17:47:20,435 INFO com.svalero.gestitaller2.controller.ClientController [http-nio-8081-exec-1] Inicio getClients
2022-08-31 17:47:20,436 INFO com.svalero.gestitaller2.controller.ClientController [http-nio-8081-exec-1] Mostrado de todos los clients
2022-08-31 17:47:20,443 INFO com.svalero.gestitaller2.controller.ClientController [http-nio-8081-exec-10] Fin getClients
2022-08-31 17:47:20,447 INFO com.svalero.gestitaller2.controller.ClientController [http-nio-8081-exec-1] Fin getClients
2022-08-31 17:47:36,870 INFO com.svalero.gestitaller2.controller.ClientController [http-nio-8081-exec-3] Inicio getClients
2022-08-31 17:47:36,872 INFO com.svalero.gestitaller2.controller.ClientController [http-nio-8081-exec-3] Mostrado de todos los clients
2022-08-31 17:47:36,867 INFO com.svalero.gestitaller2.controller.ClientController [http-nio-8081-exec-2] Inicio getClients
2022-08-31 17:47:36,874 INFO com.svalero.gestitaller2.controller.ClientController [http-nio-8081-exec-2] Mostrado de todos los clients
2022-08-31 17:47:36,877 INFO com.svalero.gestitaller2.controller.ClientController [http-nio-8081-exec-3] Fin getClients
2022-08-31 17:47:36,881 INFO com.svalero.gestitaller2.controller.ClientController [http-nio-8081-exec-2] Fin getClients
2022-08-31 17:48:24,583 INFO com.svalero.gestitaller2.controller.ClientController [http-nio-8081-exec-4] Inicio getClients
2022-08-31 17:48:24,585 INFO com.svalero.gestitaller2.controller.ClientController [http-nio-8081-exec-4] Mostrado de todos los clients
2022-08-31 17:48:24,593 INFO com.svalero.gestitaller2.controller.ClientController [http-nio-8081-exec-6] Inicio getClients
2022-08-31 17:48:24,594 INFO com.svalero.gestitaller2.controller.ClientController [http-nio-8081-exec-6] Mostrado de todos los clients
2022-08-31 17:48:24,598 INFO com.svalero.gestitaller2.controller.ClientController [http-nio-8081-exec-4] Fin getClients
2022-08-31 17:48:24,599 INFO com.svalero.gestitaller2.controller.ClientController [http-nio-8081-exec-6] Fin getClients
2022-08-31 17:49:50,712 INFO com.svalero.gestitaller2.controller.BikeController [http-nio-8081-exec-4] Inicio getBikes
2022-08-31 17:49:50,713 INFO com.svalero.gestitaller2.controller.BikeController [http-nio-8081-exec-3] Inicio getBikes
2022-08-31 17:49:50,713 INFO com.svalero.gestitaller2.controller.BikeController [http-nio-8081-exec-4] Mostrado de todas las bikes
2022-08-31 17:49:50,714 INFO com.svalero.gestitaller2.controller.BikeController [http-nio-8081-exec-3] Mostrado de todas las bikes
2022-08-31 17:49:50,720 INFO com.svalero.gestitaller2.controller.BikeController [http-nio-8081-exec-4] Fin getBikes
2022-08-31 17:49:50,723 INFO com.svalero.gestitaller2.controller.BikeController [http-nio-8081-exec-3] Fin getBikes
2022-08-31 17:49:57,718 INFO com.svalero.gestitaller2.controller.ClientController [http-nio-8081-exec-8] Inicio getClients
2022-08-31 17:49:57,718 INFO com.svalero.gestitaller2.controller.ClientController [http-nio-8081-exec-7] Inicio getClients
2022-08-31 17:49:57,719 INFO com.svalero.gestitaller2.controller.ClientController [http-nio-8081-exec-8] Mostrado de todos los clients
2022-08-31 17:49:57,720 INFO com.svalero.gestitaller2.controller.ClientController [http-nio-8081-exec-7] Mostrado de todos los clients
2022-08-31 17:49:57,722 INFO com.svalero.gestitaller2.controller.ClientController [http-nio-8081-exec-7] Fin getClients
2022-08-31 17:49:57,722 INFO com.svalero.gestitaller2.controller.ClientController [http-nio-8081-exec-8] Fin getClients
2022-08-31 17:51:09,214 INFO com.svalero.gestitaller2.controller.ClientController [http-nio-8081-exec-8] Inicio getClients
2022-08-31 17:51:09,220 INFO com.svalero.gestitaller2.controller.ClientController [http-nio-8081-exec-7] Inicio getClients
2022-08-31 17:51:09,218 INFO com.svalero.gestitaller2.controller.ClientController [http-nio-8081-exec-8] Mostrado de todos los clients
2022-08-31 17:51:09,222 INFO com.svalero.gestitaller2.controller.ClientController [http-nio-8081-exec-7] Mostrado de todos los clients
2022-08-31 17:51:09,226 INFO com.svalero.gestitaller2.controller.ClientController [http-nio-8081-exec-8] Fin getClients
2022-08-31 17:51:09,234 INFO com.svalero.gestitaller2.controller.ClientController [http-nio-8081-exec-7] Fin getClients
2022-08-31 17:51:13,349 INFO com.svalero.gestitaller2.controller.BikeController [http-nio-8081-exec-4] Inicio getBikes
2022-08-31 17:51:13,350 INFO com.svalero.gestitaller2.controller.BikeController [http-nio-8081-exec-2] Inicio getBikes
2022-08-31 17:51:13,351 INFO com.svalero.gestitaller2.controller.BikeController [http-nio-8081-exec-4] Mostrado de todas las bikes
2022-08-31 17:51:13,351 INFO com.svalero.gestitaller2.controller.BikeController [http-nio-8081-exec-2] Mostrado de todas las bikes
2022-08-31 17:51:13,361 INFO com.svalero.gestitaller2.controller.BikeController [http-nio-8081-exec-2] Fin getBikes
2022-08-31 17:51:13,361 INFO com.svalero.gestitaller2.controller.BikeController [http-nio-8081-exec-4] Fin getBikes
